2024-05-28 17:25:28.155 [Thread-3] DEBUG it.unipi.guitarteacher.connection.HttpConnector - 
Sending GET request to URL : http://localhost:8080/note/all?
parameters : 
Response Code : 200

2024-05-28 17:26:07.378 [Thread-1378] DEBUG it.unipi.guitarteacher.connection.HttpConnector - 
Sending GET request to URL : http://localhost:8080/canzoni/all?
parameters : 
Response Code : 200

2024-05-28 17:26:19.834 [Thread-1381] DEBUG it.unipi.guitarteacher.connection.HttpConnector - 
Sending DELETE request to URL : http://localhost:8080/canzoni/remove?idcanzone=4
parameters : 
Response Code : 200

2024-05-28 17:26:23.273 [JavaFX Application Thread] DEBUG it.unipi.guitarteacher.connection.HttpConnector - 
Sending GET request to URL : http://localhost:8080/canzoni/canzone?idcanzone=2
parameters : 
Response Code : 200

2024-05-28 17:26:23.300 [JavaFX Application Thread] DEBUG it.unipi.guitarteacher.connection.HttpConnector - 
Sending GET request to URL : http://localhost:8080/esecuzione/canzone?idcanzone=2
parameters : 
Response Code : 200

2024-05-28 17:26:23.326 [JavaFX Application Thread] DEBUG it.unipi.guitarteacher.connection.HttpConnector - 
Sending GET request to URL : http://localhost:8080/note/nota?nome=DO
parameters : 
Response Code : 200

2024-05-28 17:26:23.341 [JavaFX Application Thread] DEBUG it.unipi.guitarteacher.connection.HttpConnector - 
Sending GET request to URL : http://localhost:8080/note/nota?nome=FA
parameters : 
Response Code : 200

2024-05-28 17:26:23.356 [JavaFX Application Thread] DEBUG it.unipi.guitarteacher.connection.HttpConnector - 
Sending GET request to URL : http://localhost:8080/note/nota?nome=SOL
parameters : 
Response Code : 200

