2024-01-25 13:52:58.662 [Thread-3] DEBUG it.unipi.guitarteacher.connection.HttpConnector - 
Sending GET request to URL : http://localhost:8080/note/all?
parameters : 
Response Code : 200

2024-01-25 13:53:13.918 [Thread-319] DEBUG it.unipi.guitarteacher.connection.HttpConnector - 
Sending GET request to URL : http://localhost:8080/canzoni/all?
parameters : 
Response Code : 200

2024-01-25 13:53:24.284 [JavaFX Application Thread] DEBUG it.unipi.guitarteacher.connection.HttpConnector - 
Sending GET request to URL : http://localhost:8080/canzoni/canzone?idcanzone=1
parameters : 
Response Code : 200

2024-01-25 13:53:24.300 [JavaFX Application Thread] DEBUG it.unipi.guitarteacher.connection.HttpConnector - 
Sending GET request to URL : http://localhost:8080/esecuzione/canzone?idcanzone=1
parameters : 
Response Code : 200

2024-01-25 13:53:24.318 [JavaFX Application Thread] DEBUG it.unipi.guitarteacher.connection.HttpConnector - 
Sending GET request to URL : http://localhost:8080/note/nota?nome=RE
parameters : 
Response Code : 200

2024-01-25 13:53:24.333 [JavaFX Application Thread] DEBUG it.unipi.guitarteacher.connection.HttpConnector - 
Sending GET request to URL : http://localhost:8080/note/nota?nome=LA
parameters : 
Response Code : 200

2024-01-25 13:53:24.348 [JavaFX Application Thread] DEBUG it.unipi.guitarteacher.connection.HttpConnector - 
Sending GET request to URL : http://localhost:8080/note/nota?nome=SOL
parameters : 
Response Code : 200

2024-01-25 13:53:28.819 [Thread-325] DEBUG it.unipi.guitarteacher.connection.HttpConnector - 
Sending GET request to URL : http://localhost:8080/canzoni/all?
parameters : 
Response Code : 200

2024-01-25 13:53:37.459 [Thread-326] DEBUG it.unipi.guitarteacher.connection.HttpConnector - 
Sending DELETE request to URL : http://localhost:8080/canzoni/remove?idcanzone=4
parameters : 
Response Code : 200

2024-01-25 13:53:42.317 [JavaFX Application Thread] DEBUG it.unipi.guitarteacher.connection.HttpConnector - 
Sending GET request to URL : http://localhost:8080/canzoni/canzone?idcanzone=1
parameters : 
Response Code : 200

2024-01-25 13:53:42.333 [JavaFX Application Thread] DEBUG it.unipi.guitarteacher.connection.HttpConnector - 
Sending GET request to URL : http://localhost:8080/esecuzione/canzone?idcanzone=1
parameters : 
Response Code : 200

2024-01-25 13:53:42.342 [JavaFX Application Thread] DEBUG it.unipi.guitarteacher.connection.HttpConnector - 
Sending GET request to URL : http://localhost:8080/note/nota?nome=RE
parameters : 
Response Code : 200

2024-01-25 13:53:42.355 [JavaFX Application Thread] DEBUG it.unipi.guitarteacher.connection.HttpConnector - 
Sending GET request to URL : http://localhost:8080/note/nota?nome=LA
parameters : 
Response Code : 200

2024-01-25 13:53:42.369 [JavaFX Application Thread] DEBUG it.unipi.guitarteacher.connection.HttpConnector - 
Sending GET request to URL : http://localhost:8080/note/nota?nome=SOL
parameters : 
Response Code : 200

2024-01-25 13:54:01.259 [Thread-1858] DEBUG it.unipi.guitarteacher.connection.HttpConnector - 
Sending GET request to URL : http://localhost:8080/canzoni/all?
parameters : 
Response Code : 200

2024-01-25 13:54:08.471 [Thread-1859] DEBUG it.unipi.guitarteacher.connection.HttpConnector - 
Sending GET request to URL : http://localhost:8080/note/all?
parameters : 
Response Code : 200

2024-01-25 14:24:28.719 [main] DEBUG it.unipi.guitarteacher.connection.HttpConnector - 
Sending GET request to URL : http://localhost:8080/esecuzione/canzone?idcanzone=1
parameters : 
Response Code : 200

2024-01-25 14:24:28.826 [main] DEBUG it.unipi.guitarteacher.connection.HttpConnector - 
Sending DELETE request to URL : http://localhost:8080/canzoni/remove?idcanzone=1
parameters : 
Response Code : 200

